<?xml version="1.0" encoding="UTF-8"?>
<testsuite xmlns:xsi="http://www.w3.org/2001/XMLSchema-instance" xsi:noNamespaceSchemaLocation="https://maven.apache.org/surefire/maven-surefire-plugin/xsd/surefire-test-report-3.0.xsd" version="3.0" name="model.main.service.CatalogoServiceTest" time="0.072" tests="6" errors="0" skipped="0" failures="0">
  <properties>
[...]
</properties>
  <testcase name="testCambiarProveedor" classname="model.main.service.CatalogoServiceTest" time="0.017"/>
  <testcase name="testCrearProducto" classname="model.main.service.CatalogoServiceTest" time="0.009"/>
  <testcase name="testActualizarProducto" classname="model.main.service.CatalogoServiceTest" time="0.011"/>
  <testcase name="testObtenerProductoPorId" classname="model.main.service.CatalogoServiceTest" time="0.008"/>
  <testcase name="testEliminarProducto" classname="model.main.service.CatalogoServiceTest" time="0.008"/>
  <testcase name="testObtenerProductos" classname="model.main.service.CatalogoServiceTest" time="0.009"/>
</testsuite>